<?xml version="1.0" encoding="UTF-8"?>
<testsuite xmlns:xsi="http://www.w3.org/2001/XMLSchema-instance" xsi:noNamespaceSchemaLocation="https://maven.apache.org/surefire/maven-surefire-plugin/xsd/surefire-test-report-3.0.xsd" version="3.0" name="challenge.ChallengeTests" time="4.89" tests="1" errors="0" skipped="0" failures="0">
  <properties>
[...]
</properties>
  <testcase name="testParallel" classname="challenge.ChallengeTests" time="4.865">
    <system-out><![CDATA[22:54:52.202 [main] DEBUG com.intuit.karate.Suite - [config] classpath:karate-config.js
22:54:53.338 [pool-2-thread-3] INFO  com.intuit.karate - karate.env system property was: null 
22:54:53.338 [pool-2-thread-1] INFO  com.intuit.karate - karate.env system property was: null 
22:54:53.338 [pool-2-thread-2] INFO  com.intuit.karate - karate.env system property was: null 
22:54:53.664 [pool-2-thread-3] DEBUG com.intuit.karate - request:
1 > GET https://gorest.co.in/public/v2/users
1 > accept: application/json
1 > Content-Type: application/json
1 > Authorization: Bearer 881e444956ad119008f2437f1718b0592cd4a36777bde802348ff96a9818d745
1 > Host: gorest.co.in
1 > Connection: Keep-Alive
1 > User-Agent: Apache-HttpClient/4.5.14 (Java/18.0.1.1)
1 > Accept-Encoding: gzip,deflate


22:54:53.664 [pool-2-thread-2] DEBUG com.intuit.karate - request:
1 > GET https://gorest.co.in/public/v2/users/7805567
1 > accept: application/json
1 > Content-Type: application/json
1 > Authorization: Bearer 881e444956ad119008f2437f1718b0592cd4a36777bde802348ff96a9818d745
1 > Host: gorest.co.in
1 > Connection: Keep-Alive
1 > User-Agent: Apache-HttpClient/4.5.14 (Java/18.0.1.1)
1 > Accept-Encoding: gzip,deflate


22:54:53.664 [pool-2-thread-1] DEBUG com.intuit.karate - request:
1 > POST https://gorest.co.in/public/v2/users
1 > accept: application/json
1 > Content-Type: application/json; charset=UTF-8
1 > Authorization: Bearer 881e444956ad119008f2437f1718b0592cd4a36777bde802348ff96a9818d745
1 > Content-Length: 99
1 > Host: gorest.co.in
1 > Connection: Keep-Alive
1 > User-Agent: Apache-HttpClient/4.5.14 (Java/18.0.1.1)
1 > Accept-Encoding: gzip,deflate
{"name":"Challenge Testing","gender":"male","email":"challenge.testing@test.com","status":"active"}

22:54:54.442 [pool-2-thread-1] DEBUG com.intuit.karate - response time in milliseconds: 774
1 < 201
1 < Date: Mon, 31 Mar 2025 01:54:55 GMT
1 < Content-Type: application/json; charset=utf-8
1 < Content-Length: 112
1 < Connection: keep-alive
1 < Cache-Control: max-age=0, private, must-revalidate
1 < etag: W/"a65cbb88faf4425d6a9cd4fa6c4c1dc8"
1 < feature-policy: camera 'none'; gyroscope 'none'; microphone 'none'; usb 'none'; fullscreen 'self'
1 < location: https://gorest.co.in/public/v2/users/7805629
1 < referrer-policy: strict-origin-when-cross-origin
1 < vary: Origin
1 < x-content-type-options: nosniff
1 < x-download-options: noopen
1 < x-frame-options: SAMEORIGIN
1 < x-permitted-cross-domain-policies: none
1 < x-ratelimit-limit: 90
1 < x-ratelimit-remaining: 89
1 < x-ratelimit-reset: 1
1 < x-request-id: 192c07c2-70bc-4249-b9e3-0eedb51f6f05
1 < x-runtime: 0.051397
1 < x-xss-protection: 0
1 < cf-cache-status: DYNAMIC
1 < Report-To: {"endpoints":[{"url":"https:\/\/a.nel.cloudflare.com\/report\/v4?s=DcJT0aBFNB7uufBE%2Btp4KoEWdwjwuWloSpm9g4eORsf9vHzQA%2BZ%2B67FgIZuRgWXONB7BJW4Bc%2B6by87UZjyVgscnad6IHCD4GZrWYCyZyKr4H5p9FezBZyJXefDSgT0%3D"}],"group":"cf-nel","max_age":604800}
1 < NEL: {"success_fraction":0,"report_to":"cf-nel","max_age":604800}
1 < Server: cloudflare
1 < CF-RAY: 928c38b91ce4f1da-GRU
1 < alt-svc: h3=":443"; ma=86400
1 < server-timing: cfL4;desc="?proto=TCP&rtt=45884&min_rtt=44561&rtt_var=19356&sent=7&recv=6&lost=0&retrans=0&sent_bytes=3112&recv_bytes=1050&delivery_rate=79426&cwnd=252&unsent_bytes=0&cid=a560452ef45981a1&ts=543&x=0"
{"id":7805629,"name":"Challenge Testing","email":"challenge.testing@test.com","gender":"male","status":"active"}

22:54:55.138 [pool-2-thread-2] DEBUG com.intuit.karate - response time in milliseconds: 1471
1 < 200
1 < Date: Mon, 31 Mar 2025 01:54:56 GMT
1 < Content-Type: application/json; charset=utf-8
1 < Transfer-Encoding: chunked
1 < Connection: keep-alive
1 < Cache-Control: max-age=0, private, must-revalidate
1 < etag: W/"1385d530c09f5ee173f1f097aff689a1"
1 < feature-policy: camera 'none'; gyroscope 'none'; microphone 'none'; usb 'none'; fullscreen 'self'
1 < referrer-policy: strict-origin-when-cross-origin
1 < vary: Origin
1 < x-content-type-options: nosniff
1 < x-download-options: noopen
1 < x-frame-options: SAMEORIGIN
1 < x-permitted-cross-domain-policies: none
1 < x-ratelimit-limit: 90
1 < x-ratelimit-remaining: 89
1 < x-ratelimit-reset: 1
1 < x-request-id: 8d5b5948-6302-4e93-99c9-e658678f3760
1 < x-runtime: 0.042141
1 < x-xss-protection: 0
1 < cf-cache-status: DYNAMIC
1 < Report-To: {"endpoints":[{"url":"https:\/\/a.nel.cloudflare.com\/report\/v4?s=mPWHlihdNYXlILwGYT8waLUg%2FXEpa2s8gdHeyE%2Biiv%2Bbi1uPKc%2BzOd1rvvTTmjh2YZ5MW7RIoFm0W0fu7EjYRNz5PC4%2BWIo5Gdpkfb%2BfUOesPo6uUy6wSMat7e1m8u4%3D"}],"group":"cf-nel","max_age":604800}
1 < NEL: {"success_fraction":0,"report_to":"cf-nel","max_age":604800}
1 < Server: cloudflare
1 < CF-RAY: 928c38b919e3f171-GRU
1 < alt-svc: h3=":443"; ma=86400
1 < server-timing: cfL4;desc="?proto=TCP&rtt=45834&min_rtt=44736&rtt_var=18973&sent=7&recv=6&lost=0&retrans=0&sent_bytes=3112&recv_bytes=923&delivery_rate=81829&cwnd=252&unsent_bytes=0&cid=f882779a9d526059&ts=1253&x=0"
{"id":7805567,"name":"Testing","email":"testing@test.com","gender":"male","status":"active"}

22:54:55.141 [pool-2-thread-2] INFO  com.intuit.karate - [print] {
  "id": 7805567,
  "name": "Testing",
  "email": "testing@test.com",
  "gender": "male",
  "status": "active"
}
 
22:54:55.204 [pool-2-thread-3] DEBUG com.intuit.karate - response time in milliseconds: 1537
1 < 200
1 < Date: Mon, 31 Mar 2025 01:54:56 GMT
1 < Content-Type: application/json; charset=utf-8
1 < Transfer-Encoding: chunked
1 < Connection: keep-alive
1 < Cache-Control: max-age=0, private, must-revalidate
1 < Etag: W/"62edea68bb59b119287c7c182f2f505c"
1 < Feature-Policy: camera 'none'; gyroscope 'none'; microphone 'none'; usb 'none'; fullscreen 'self'
1 < Referrer-Policy: strict-origin-when-cross-origin
1 < Vary: Origin
1 < X-Content-Type-Options: nosniff
1 < X-Download-Options: noopen
1 < X-Frame-Options: SAMEORIGIN
1 < X-Links-Current: https://gorest.co.in/public/v2/users?page=1
1 < X-Links-Next: https://gorest.co.in/public/v2/users?page=2
1 < X-Links-Previous: 
1 < X-Pagination-Limit: 10
1 < X-Pagination-Page: 1
1 < X-Pagination-Pages: 297
1 < X-Pagination-Total: 2968
1 < X-Permitted-Cross-Domain-Policies: none
1 < X-Ratelimit-Limit: 90
1 < X-Ratelimit-Remaining: 89
1 < X-Ratelimit-Reset: 2
1 < X-Request-Id: aae1bf34-4b73-42ac-9e28-aaba46ef3af4
1 < X-Runtime: 0.050418
1 < X-Xss-Protection: 0
1 < Cf-Cache-Status: DYNAMIC
1 < Server: cloudflare
1 < CF-RAY: 928c38b9197cf1af-GRU
1 < alt-svc: h3=":443"; ma=86400
[{"id":7805629,"name":"Challenge Testing","email":"challenge.testing@test.com","gender":"male","status":"active"},{"id":7805567,"name":"Testing","email":"testing@test.com","gender":"male","status":"active"},{"id":7805001,"name":"Apsara Kapoor","email":"apsara_kapoor@konopelski.example","gender":"female","status":"active"},{"id":7804999,"name":"Eshita Asan","email":"eshita_asan@bahringer.test","gender":"male","status":"active"},{"id":7804998,"name":"Jitendra Kocchar","email":"jitendra_kocchar@howell-glover.test","gender":"male","status":"inactive"},{"id":7804997,"name":"Gajaadhar Trivedi","email":"trivedi_gajaadhar@mosciski-ankunding.test","gender":"male","status":"inactive"},{"id":7804996,"name":"Nanda Shukla","email":"nanda_shukla@klein-labadie.example","gender":"female","status":"inactive"},{"id":7804995,"name":"Atreyi Pothuvaal","email":"pothuvaal_atreyi@monahan.example","gender":"male","status":"inactive"},{"id":7804992,"name":"Sen. Vasudev Chaturvedi","email":"vasudev_chaturvedi_sen@halvorson-klein.test","gender":"female","status":"inactive"},{"id":7804991,"name":"Gov. Jagadisha Khanna","email":"khanna_jagadisha_gov@toy-sauer.example","gender":"male","status":"inactive"}]

---------------------------------------------------------
feature: classpath:challenge/goRest/challenge.feature
scenarios:  3 | passed:  3 | failed:  0 | time: 4,6369
---------------------------------------------------------

22:54:55.919 [pool-3-thread-1] INFO  com.intuit.karate.Suite - <<pass>> feature 1 of 1 (0 remaining) classpath:challenge/goRest/challenge.feature
Karate version: 1.5.0
======================================================
elapsed:   4,39 | threads:    5 | thread time: 4,64 
features:     1 | skipped:    0 | efficiency: 0,21
scenarios:    3 | passed:     3 | failed: 0
======================================================

HTML report: (paste into browser to view) | Karate version: 1.5.0
file:///C:/Users/ferna/OneDrive/Escritorio/Challenge%20QA%20Lead%20Automation/challenge-backend-karate/target/karate-reports/karate-summary.html
===================================================================

]]></system-out>
  </testcase>
</testsuite>